KioskApp/app/build/intermediates/manifest_merge_blame_file/debug/processDebugMainManifest/manifest-merger-blame-debug-report.txt
1<?xml version="1.0" encoding="utf-8"?>
2<manifest xmlns:android="http://schemas.android.com/apk/res/android"
3    package="com.kiosk.donation"
4    android:versionCode="2"
5    android:versionName="1.0.1" >
6
7    <uses-sdk
8        android:minSdkVersion="26"
9        android:targetSdkVersion="35" />
10
11    <!-- Required for SumUp Bluetooth card reader -->
12    <uses-permission
12-->src\main\AndroidManifest.xml:6:5-68
13        android:name="android.permission.BLUETOOTH"
13-->src\main\AndroidManifest.xml:6:22-65
14        android:maxSdkVersion="30" />
14-->[com.sumup:merchant-sdk:6.0.0] AndroidManifest.xml:23:9-35
15    <uses-permission
15-->src\main\AndroidManifest.xml:7:5-74
16        android:name="android.permission.BLUETOOTH_ADMIN"
16-->src\main\AndroidManifest.xml:7:22-71
17        android:maxSdkVersion="30" />
17-->[com.sumup:merchant-sdk:6.0.0] AndroidManifest.xml:26:9-35
18    <uses-permission
18-->src\main\AndroidManifest.xml:8:5-76
19        android:name="android.permission.BLUETOOTH_CONNECT"
19-->src\main\AndroidManifest.xml:8:22-73
20        android:usesPermissionFlags="neverForLocation" />
20-->[com.sumup:merchant-sdk:6.0.0] AndroidManifest.xml:34:9-55
21    <uses-permission
21-->src\main\AndroidManifest.xml:9:5-73
22        android:name="android.permission.BLUETOOTH_SCAN"
22-->src\main\AndroidManifest.xml:9:22-70
23        android:usesPermissionFlags="neverForLocation" />
23-->[com.sumup:merchant-sdk:6.0.0] AndroidManifest.xml:31:9-55
24    <uses-permission android:name="android.permission.ACCESS_FINE_LOCATION" />
24-->src\main\AndroidManifest.xml:10:5-79
24-->src\main\AndroidManifest.xml:10:22-76
25    <uses-permission android:name="android.permission.ACCESS_COARSE_LOCATION" />
25-->src\main\AndroidManifest.xml:11:5-81
25-->src\main\AndroidManifest.xml:11:22-78
26
27    <!-- Required for SumUp network calls -->
28    <uses-permission android:name="android.permission.INTERNET" />
28-->src\main\AndroidManifest.xml:14:5-67
28-->src\main\AndroidManifest.xml:14:22-64
29    <uses-permission android:name="android.permission.ACCESS_NETWORK_STATE" />
29-->src\main\AndroidManifest.xml:15:5-79
29-->src\main\AndroidManifest.xml:15:22-76
30
31    <!-- Kiosk: keep screen on -->
32    <uses-permission android:name="android.permission.WAKE_LOCK" />
32-->src\main\AndroidManifest.xml:18:5-68
32-->src\main\AndroidManifest.xml:18:22-65
33    <uses-permission android:name="android.permission.DISABLE_KEYGUARD" />
33-->src\main\AndroidManifest.xml:19:5-75
33-->src\main\AndroidManifest.xml:19:22-72
34
35    <queries>
35-->[com.sumup:merchant-sdk:6.0.0] AndroidManifest.xml:7:5-15:15
36        <intent>
36-->[com.sumup:merchant-sdk:6.0.0] AndroidManifest.xml:8:9-14:18
37            <action android:name="android.intent.action.VIEW" />
37-->[com.sumup:merchant-sdk:6.0.0] AndroidManifest.xml:9:13-65
37-->[com.sumup:merchant-sdk:6.0.0] AndroidManifest.xml:9:21-62
38
39            <category android:name="android.intent.category.BROWSABLE" />
39-->[com.sumup:merchant-sdk:6.0.0] AndroidManifest.xml:11:13-74
39-->[com.sumup:merchant-sdk:6.0.0] AndroidManifest.xml:11:23-71
40
41            <data android:scheme="https" />
41-->[com.sumup:merchant-sdk:6.0.0] AndroidManifest.xml:13:13-44
41-->[com.sumup:merchant-sdk:6.0.0] AndroidManifest.xml:13:19-41
42        </intent>
43    </queries>
44
45    <uses-feature
45-->[com.sumup:reader:6.0.0] AndroidManifest.xml:8:5-10:35
46        android:glEsVersion="0x00020000"
46-->[com.sumup:reader:6.0.0] AndroidManifest.xml:9:9-41
47        android:required="true" />
47-->[com.sumup:reader:6.0.0] AndroidManifest.xml:10:9-32
48    <uses-feature
48-->[com.sumup:reader:6.0.0] AndroidManifest.xml:11:5-13:36
49        android:name="android.hardware.location.gps"
49-->[com.sumup:reader:6.0.0] AndroidManifest.xml:12:9-53
50        android:required="false" />
50-->[com.sumup:reader:6.0.0] AndroidManifest.xml:13:9-33
51    <uses-feature
51-->[com.sumup:reader:6.0.0] AndroidManifest.xml:14:5-16:36
52        android:name="android.hardware.location.network"
52-->[com.sumup:reader:6.0.0] AndroidManifest.xml:15:9-57
53        android:required="false" /> <!-- Also implied, but also really needed -->
53-->[com.sumup:reader:6.0.0] AndroidManifest.xml:16:9-33
54    <uses-feature
54-->[com.sumup:reader:6.0.0] AndroidManifest.xml:18:5-20:35
55        android:name="android.hardware.touchscreen"
55-->[com.sumup:reader:6.0.0] AndroidManifest.xml:19:9-52
56        android:required="true" />
56-->[com.sumup:reader:6.0.0] AndroidManifest.xml:20:9-32
57    <uses-feature
57-->[com.sumup:reader:6.0.0] AndroidManifest.xml:21:5-23:35
58        android:name="android.hardware.screen.portrait"
58-->[com.sumup:reader:6.0.0] AndroidManifest.xml:22:9-56
59        android:required="true" /> <!-- any location is good enough for us -->
59-->[com.sumup:reader:6.0.0] AndroidManifest.xml:23:9-32
60    <uses-feature
60-->[com.sumup:reader:6.0.0] AndroidManifest.xml:25:5-27:35
61        android:name="android.hardware.location"
61-->[com.sumup:reader:6.0.0] AndroidManifest.xml:26:9-49
62        android:required="true" /> <!-- Only necessary because of missing checks. See: APPS-801 -->
62-->[com.sumup:reader:6.0.0] AndroidManifest.xml:27:9-32
63    <uses-feature
63-->[com.sumup:reader:6.0.0] AndroidManifest.xml:29:5-31:35
64        android:name="android.hardware.bluetooth"
64-->[com.sumup:reader:6.0.0] AndroidManifest.xml:30:9-50
65        android:required="true" />
65-->[com.sumup:reader:6.0.0] AndroidManifest.xml:31:9-32
66
67    <uses-permission android:name="com.google.android.providers.gsf.permission.READ_GSERVICES" />
67-->[com.google.android.recaptcha:recaptcha:18.5.1] AndroidManifest.xml:9:5-98
67-->[com.google.android.recaptcha:recaptcha:18.5.1] AndroidManifest.xml:9:22-95
68
69    <permission
69-->[androidx.core:core:1.15.0] AndroidManifest.xml:22:5-24:47
70        android:name="com.kiosk.donation.DYNAMIC_RECEIVER_NOT_EXPORTED_PERMISSION"
70-->[androidx.core:core:1.15.0] AndroidManifest.xml:23:9-81
71        android:protectionLevel="signature" />
71-->[androidx.core:core:1.15.0] AndroidManifest.xml:24:9-44
72
73    <uses-permission android:name="com.kiosk.donation.DYNAMIC_RECEIVER_NOT_EXPORTED_PERMISSION" />
73-->[androidx.core:core:1.15.0] AndroidManifest.xml:26:5-97
73-->[androidx.core:core:1.15.0] AndroidManifest.xml:26:22-94
74
75    <application
75-->src\main\AndroidManifest.xml:21:5-61:19
76        android:name="com.kiosk.donation.KioskApplication"
76-->src\main\AndroidManifest.xml:22:9-41
77        android:allowBackup="false"
77-->src\main\AndroidManifest.xml:23:9-36
78        android:appComponentFactory="androidx.core.app.CoreComponentFactory"
78-->[androidx.core:core:1.15.0] AndroidManifest.xml:28:18-86
79        android:debuggable="true"
80        android:extractNativeLibs="false"
81        android:hardwareAccelerated="true"
81-->src\main\AndroidManifest.xml:30:9-43
82        android:icon="@mipmap/ic_launcher"
82-->src\main\AndroidManifest.xml:24:9-43
83        android:label="Karima Donations"
83-->src\main\AndroidManifest.xml:25:9-41
84        android:roundIcon="@mipmap/ic_launcher_round"
84-->src\main\AndroidManifest.xml:26:9-54
85        android:supportsRtl="true"
85-->src\main\AndroidManifest.xml:28:9-35
86        android:theme="@style/Theme.KioskDonation" >
86-->src\main\AndroidManifest.xml:29:9-51
87        <activity
87-->src\main\AndroidManifest.xml:32:9-46:20
88            android:name="com.kiosk.donation.MainActivity"
88-->src\main\AndroidManifest.xml:33:13-41
89            android:exported="true"
89-->src\main\AndroidManifest.xml:34:13-36
90            android:launchMode="singleTop"
90-->src\main\AndroidManifest.xml:35:13-43
91            android:screenOrientation="unspecified"
91-->src\main\AndroidManifest.xml:36:13-52
92            android:showOnLockScreen="true"
92-->src\main\AndroidManifest.xml:37:13-44
93            android:turnScreenOn="true"
93-->src\main\AndroidManifest.xml:38:13-40
94            android:windowSoftInputMode="adjustResize" >
94-->src\main\AndroidManifest.xml:39:13-55
95
96            <!-- Makes this app appear as a standard launcher app -->
97            <intent-filter>
97-->src\main\AndroidManifest.xml:42:13-45:29
98                <action android:name="android.intent.action.MAIN" />
98-->src\main\AndroidManifest.xml:43:17-69
98-->src\main\AndroidManifest.xml:43:25-66
99
100                <category android:name="android.intent.category.LAUNCHER" />
100-->src\main\AndroidManifest.xml:44:17-77
100-->src\main\AndroidManifest.xml:44:27-74
101            </intent-filter>
102        </activity>
103
104        <!-- Device Admin receiver — needed for Lock Task Mode / Device Owner -->
105        <receiver
105-->src\main\AndroidManifest.xml:49:9-59:20
106            android:name="com.kiosk.donation.kiosk.KioskDeviceAdminReceiver"
106-->src\main\AndroidManifest.xml:50:13-59
107            android:exported="true"
107-->src\main\AndroidManifest.xml:51:13-36
108            android:permission="android.permission.BIND_DEVICE_ADMIN" >
108-->src\main\AndroidManifest.xml:52:13-70
109            <meta-data
109-->src\main\AndroidManifest.xml:53:13-55:56
110                android:name="android.app.device_admin"
110-->src\main\AndroidManifest.xml:54:17-56
111                android:resource="@xml/device_admin" />
111-->src\main\AndroidManifest.xml:55:17-53
112
113            <intent-filter>
113-->src\main\AndroidManifest.xml:56:13-58:29
114                <action android:name="android.app.action.DEVICE_ADMIN_ENABLED" />
114-->src\main\AndroidManifest.xml:57:17-82
114-->src\main\AndroidManifest.xml:57:25-79
115            </intent-filter>
116        </receiver>
117
118        <activity
118-->[com.sumup:reader:6.0.0] AndroidManifest.xml:34:9-42:20
119            android:name="com.sumup.merchant.reader.identitylib.ui.activities.LoginActivity"
119-->[com.sumup:reader:6.0.0] AndroidManifest.xml:35:13-93
120            android:configChanges="orientation|keyboardHidden|screenSize"
120-->[com.sumup:reader:6.0.0] AndroidManifest.xml:36:13-74
121            android:exported="false"
121-->[com.sumup:reader:6.0.0] AndroidManifest.xml:37:13-37
122            android:launchMode="singleTop"
122-->[com.sumup:reader:6.0.0] AndroidManifest.xml:38:13-43
123            android:screenOrientation="locked"
123-->[com.sumup:reader:6.0.0] AndroidManifest.xml:39:13-47
124            android:theme="@style/SumUpTheme.ActionBarNoShadow"
124-->[com.sumup:reader:6.0.0] AndroidManifest.xml:40:13-64
125            android:windowSoftInputMode="adjustResize" >
125-->[com.sumup:reader:6.0.0] AndroidManifest.xml:41:13-55
126        </activity>
127        <activity
127-->[com.sumup:reader:6.0.0] AndroidManifest.xml:43:9-51:20
128            android:name="com.sumup.merchant.reader.identitylib.ui.activities.ssologin.SSOLoginActivity"
128-->[com.sumup:reader:6.0.0] AndroidManifest.xml:44:13-105
129            android:configChanges="orientation|keyboardHidden|screenSize"
129-->[com.sumup:reader:6.0.0] AndroidManifest.xml:45:13-74
130            android:exported="false"
130-->[com.sumup:reader:6.0.0] AndroidManifest.xml:46:13-37
131            android:launchMode="singleTop"
131-->[com.sumup:reader:6.0.0] AndroidManifest.xml:47:13-43
132            android:screenOrientation="locked"
132-->[com.sumup:reader:6.0.0] AndroidManifest.xml:48:13-47
133            android:theme="@style/SumUpTheme.ActionBarNoShadow"
133-->[com.sumup:reader:6.0.0] AndroidManifest.xml:49:13-64
134            android:windowSoftInputMode="adjustResize" >
134-->[com.sumup:reader:6.0.0] AndroidManifest.xml:50:13-55
135        </activity>
136        <activity
136-->[com.sumup:reader:6.0.0] AndroidManifest.xml:52:9-57:57
137            android:name="com.sumup.merchant.reader.ui.activities.CardReaderPaymentAPIDrivenPageActivity"
137-->[com.sumup:reader:6.0.0] AndroidManifest.xml:53:13-106
138            android:configChanges="orientation|keyboardHidden|screenSize"
138-->[com.sumup:reader:6.0.0] AndroidManifest.xml:54:13-74
139            android:screenOrientation="locked"
139-->[com.sumup:reader:6.0.0] AndroidManifest.xml:55:13-47
140            android:theme="@style/SumUpTheme.NoActionBar"
140-->[com.sumup:reader:6.0.0] AndroidManifest.xml:56:13-58
141            android:windowSoftInputMode="stateHidden" />
141-->[com.sumup:reader:6.0.0] AndroidManifest.xml:57:13-54
142        <activity
142-->[com.sumup:reader:6.0.0] AndroidManifest.xml:58:9-62:49
143            android:name="com.sumup.merchant.reader.ui.activities.PaymentSettingsActivity"
143-->[com.sumup:reader:6.0.0] AndroidManifest.xml:59:13-91
144            android:label="@string/sumup_payment_setting_card_reader"
144-->[com.sumup:reader:6.0.0] AndroidManifest.xml:60:13-70
145            android:screenOrientation="locked"
145-->[com.sumup:reader:6.0.0] AndroidManifest.xml:61:13-47
146            android:theme="@style/SumUpTheme" />
146-->[com.sumup:reader:6.0.0] AndroidManifest.xml:62:13-46
147        <activity
147-->[com.sumup:reader:6.0.0] AndroidManifest.xml:63:9-67:67
148            android:name="com.sumup.merchant.reader.ui.activities.CardReaderSetupActivity"
148-->[com.sumup:reader:6.0.0] AndroidManifest.xml:64:13-91
149            android:configChanges="orientation|keyboardHidden|screenSize"
149-->[com.sumup:reader:6.0.0] AndroidManifest.xml:65:13-74
150            android:screenOrientation="locked"
150-->[com.sumup:reader:6.0.0] AndroidManifest.xml:66:13-47
151            android:theme="@style/SumUpTheme.ActionBarNoShadow" />
151-->[com.sumup:reader:6.0.0] AndroidManifest.xml:67:13-64
152        <activity
152-->[com.sumup:reader:6.0.0] AndroidManifest.xml:68:9-72:67
153            android:name="com.sumup.merchant.reader.troubleshooting.ui.BtTroubleshootingActivity"
153-->[com.sumup:reader:6.0.0] AndroidManifest.xml:69:13-98
154            android:configChanges="orientation|keyboardHidden|screenSize"
154-->[com.sumup:reader:6.0.0] AndroidManifest.xml:70:13-74
155            android:screenOrientation="locked"
155-->[com.sumup:reader:6.0.0] AndroidManifest.xml:71:13-47
156            android:theme="@style/SumUpTheme.ActionBarNoShadow" />
156-->[com.sumup:reader:6.0.0] AndroidManifest.xml:72:13-64
157        <activity
157-->[com.sumup:reader:6.0.0] AndroidManifest.xml:73:9-76:61
158            android:name="com.sumup.merchant.reader.troubleshooting.ReaderTroubleshootingActivity"
158-->[com.sumup:reader:6.0.0] AndroidManifest.xml:74:13-99
159            android:screenOrientation="locked"
159-->[com.sumup:reader:6.0.0] AndroidManifest.xml:75:13-47
160            android:theme="@style/SumUpTheme.NoActionBar" />
160-->[com.sumup:reader:6.0.0] AndroidManifest.xml:76:13-58
161        <activity
161-->[com.sumup:reader:6.0.0] AndroidManifest.xml:77:9-80:61
162            android:name="com.sumup.merchant.reader.webview.ReaderWebViewActivity"
162-->[com.sumup:reader:6.0.0] AndroidManifest.xml:78:13-83
163            android:screenOrientation="locked"
163-->[com.sumup:reader:6.0.0] AndroidManifest.xml:79:13-47
164            android:theme="@style/SumUpTheme.NoActionBar" />
164-->[com.sumup:reader:6.0.0] AndroidManifest.xml:80:13-58
165        <activity
165-->[com.sumup:reader:6.0.0] AndroidManifest.xml:81:9-86:57
166            android:name="com.sumup.merchant.reader.autoreceipt.AutoReceiptSettingsActivity"
166-->[com.sumup:reader:6.0.0] AndroidManifest.xml:82:13-93
167            android:configChanges="orientation|keyboardHidden|screenSize"
167-->[com.sumup:reader:6.0.0] AndroidManifest.xml:83:13-74
168            android:screenOrientation="locked"
168-->[com.sumup:reader:6.0.0] AndroidManifest.xml:84:13-47
169            android:theme="@style/SumUpTheme.ActionBarNoShadow"
169-->[com.sumup:reader:6.0.0] AndroidManifest.xml:85:13-64
170            android:windowSoftInputMode="stateHidden" />
170-->[com.sumup:reader:6.0.0] AndroidManifest.xml:86:13-54
171        <activity
171-->[com.sumup:reader:6.0.0] AndroidManifest.xml:87:9-91:67
172            android:name="com.sumup.merchant.reader.ui.activities.CardReaderPageActivity"
172-->[com.sumup:reader:6.0.0] AndroidManifest.xml:88:13-90
173            android:label="@string/sumup_payment_setting_card_reader"
173-->[com.sumup:reader:6.0.0] AndroidManifest.xml:89:13-70
174            android:screenOrientation="locked"
174-->[com.sumup:reader:6.0.0] AndroidManifest.xml:90:13-47
175            android:theme="@style/SumUpTheme.ActionBarNoShadow" />
175-->[com.sumup:reader:6.0.0] AndroidManifest.xml:91:13-64
176
177        <receiver
177-->[com.sumup:reader:6.0.0] AndroidManifest.xml:93:9-95:40
178            android:name="com.sumup.merchant.reader.receiver.ShareReceiptReceiver"
178-->[com.sumup:reader:6.0.0] AndroidManifest.xml:94:13-83
179            android:exported="false" />
179-->[com.sumup:reader:6.0.0] AndroidManifest.xml:95:13-37
180
181        <service
181-->[com.google.firebase:firebase-firestore-ktx:25.1.1] AndroidManifest.xml:9:9-15:19
182            android:name="com.google.firebase.components.ComponentDiscoveryService"
182-->[com.google.firebase:firebase-firestore-ktx:25.1.1] AndroidManifest.xml:10:13-84
183            android:directBootAware="true"
183-->[com.google.firebase:firebase-common:21.0.0] AndroidManifest.xml:32:13-43
184            android:exported="false" >
184-->[com.google.firebase:firebase-firestore-ktx:25.1.1] AndroidManifest.xml:11:13-37
185            <meta-data
185-->[com.google.firebase:firebase-firestore-ktx:25.1.1] AndroidManifest.xml:12:13-14:85
186                android:name="com.google.firebase.components:com.google.firebase.firestore.ktx.FirebaseFirestoreLegacyRegistrar"
186-->[com.google.firebase:firebase-firestore-ktx:25.1.1] AndroidManifest.xml:13:17-129
187                android:value="com.google.firebase.components.ComponentRegistrar" />
187-->[com.google.firebase:firebase-firestore-ktx:25.1.1] AndroidManifest.xml:14:17-82
188            <meta-data
188-->[com.google.firebase:firebase-firestore:25.1.1] AndroidManifest.xml:17:13-19:85
189                android:name="com.google.firebase.components:com.google.firebase.firestore.FirebaseFirestoreKtxRegistrar"
189-->[com.google.firebase:firebase-firestore:25.1.1] AndroidManifest.xml:18:17-122
190                android:value="com.google.firebase.components.ComponentRegistrar" />
190-->[com.google.firebase:firebase-firestore:25.1.1] AndroidManifest.xml:19:17-82
191            <meta-data
191-->[com.google.firebase:firebase-firestore:25.1.1] AndroidManifest.xml:20:13-22:85
192                android:name="com.google.firebase.components:com.google.firebase.firestore.FirestoreRegistrar"
192-->[com.google.firebase:firebase-firestore:25.1.1] AndroidManifest.xml:21:17-111
193                android:value="com.google.firebase.components.ComponentRegistrar" />
193-->[com.google.firebase:firebase-firestore:25.1.1] AndroidManifest.xml:22:17-82
194            <meta-data
194-->[com.google.firebase:firebase-auth-ktx:23.1.0] AndroidManifest.xml:11:13-13:85
195                android:name="com.google.firebase.components:com.google.firebase.auth.ktx.FirebaseAuthLegacyRegistrar"
195-->[com.google.firebase:firebase-auth-ktx:23.1.0] AndroidManifest.xml:12:17-119
196                android:value="com.google.firebase.components.ComponentRegistrar" />
196-->[com.google.firebase:firebase-auth-ktx:23.1.0] AndroidManifest.xml:13:17-82
197            <meta-data
197-->[com.google.firebase:firebase-auth:23.1.0] AndroidManifest.xml:69:13-71:85
198                android:name="com.google.firebase.components:com.google.firebase.auth.FirebaseAuthRegistrar"
198-->[com.google.firebase:firebase-auth:23.1.0] AndroidManifest.xml:70:17-109
199                android:value="com.google.firebase.components.ComponentRegistrar" />
199-->[com.google.firebase:firebase-auth:23.1.0] AndroidManifest.xml:71:17-82
200            <meta-data
200-->[com.google.firebase:firebase-common-ktx:21.0.0] AndroidManifest.xml:12:13-14:85
201                android:name="com.google.firebase.components:com.google.firebase.ktx.FirebaseCommonLegacyRegistrar"
201-->[com.google.firebase:firebase-common-ktx:21.0.0] AndroidManifest.xml:13:17-116
202                android:value="com.google.firebase.components.ComponentRegistrar" />
202-->[com.google.firebase:firebase-common-ktx:21.0.0] AndroidManifest.xml:14:17-82
203            <meta-data
203-->[com.google.firebase:firebase-common:21.0.0] AndroidManifest.xml:35:13-37:85
204                android:name="com.google.firebase.components:com.google.firebase.FirebaseCommonKtxRegistrar"
204-->[com.google.firebase:firebase-common:21.0.0] AndroidManifest.xml:36:17-109
205                android:value="com.google.firebase.components.ComponentRegistrar" />
205-->[com.google.firebase:firebase-common:21.0.0] AndroidManifest.xml:37:17-82
206        </service>
207
208        <activity
208-->[com.google.firebase:firebase-auth:23.1.0] AndroidManifest.xml:29:9-46:20
209            android:name="com.google.firebase.auth.internal.GenericIdpActivity"
209-->[com.google.firebase:firebase-auth:23.1.0] AndroidManifest.xml:30:13-80
210            android:excludeFromRecents="true"
210-->[com.google.firebase:firebase-auth:23.1.0] AndroidManifest.xml:31:13-46
211            android:exported="true"
211-->[com.google.firebase:firebase-auth:23.1.0] AndroidManifest.xml:32:13-36
212            android:launchMode="singleTask"
212-->[com.google.firebase:firebase-auth:23.1.0] AndroidManifest.xml:33:13-44
213            android:theme="@android:style/Theme.Translucent.NoTitleBar" >
213-->[com.google.firebase:firebase-auth:23.1.0] AndroidManifest.xml:34:13-72
214            <intent-filter>
214-->[com.google.firebase:firebase-auth:23.1.0] AndroidManifest.xml:35:13-45:29
215                <action android:name="android.intent.action.VIEW" />
215-->[com.sumup:merchant-sdk:6.0.0] AndroidManifest.xml:9:13-65
215-->[com.sumup:merchant-sdk:6.0.0] AndroidManifest.xml:9:21-62
216
217                <category android:name="android.intent.category.DEFAULT" />
217-->[com.google.firebase:firebase-auth:23.1.0] AndroidManifest.xml:38:17-76
217-->[com.google.firebase:firebase-auth:23.1.0] AndroidManifest.xml:38:27-73
218                <category android:name="android.intent.category.BROWSABLE" />
218-->[com.sumup:merchant-sdk:6.0.0] AndroidManifest.xml:11:13-74
218-->[com.sumup:merchant-sdk:6.0.0] AndroidManifest.xml:11:23-71
219
220                <data
220-->[com.sumup:merchant-sdk:6.0.0] AndroidManifest.xml:13:13-44
221                    android:host="firebase.auth"
222                    android:path="/"
223                    android:scheme="genericidp" />
223-->[com.sumup:merchant-sdk:6.0.0] AndroidManifest.xml:13:19-41
224            </intent-filter>
225        </activity>
226        <activity
226-->[com.google.firebase:firebase-auth:23.1.0] AndroidManifest.xml:47:9-64:20
227            android:name="com.google.firebase.auth.internal.RecaptchaActivity"
227-->[com.google.firebase:firebase-auth:23.1.0] AndroidManifest.xml:48:13-79
228            android:excludeFromRecents="true"
228-->[com.google.firebase:firebase-auth:23.1.0] AndroidManifest.xml:49:13-46
229            android:exported="true"
229-->[com.google.firebase:firebase-auth:23.1.0] AndroidManifest.xml:50:13-36
230            android:launchMode="singleTask"
230-->[com.google.firebase:firebase-auth:23.1.0] AndroidManifest.xml:51:13-44
231            android:theme="@android:style/Theme.Translucent.NoTitleBar" >
231-->[com.google.firebase:firebase-auth:23.1.0] AndroidManifest.xml:52:13-72
232            <intent-filter>
232-->[com.google.firebase:firebase-auth:23.1.0] AndroidManifest.xml:53:13-63:29
233                <action android:name="android.intent.action.VIEW" />
233-->[com.sumup:merchant-sdk:6.0.0] AndroidManifest.xml:9:13-65
233-->[com.sumup:merchant-sdk:6.0.0] AndroidManifest.xml:9:21-62
234
235                <category android:name="android.intent.category.DEFAULT" />
235-->[com.google.firebase:firebase-auth:23.1.0] AndroidManifest.xml:38:17-76
235-->[com.google.firebase:firebase-auth:23.1.0] AndroidManifest.xml:38:27-73
236                <category android:name="android.intent.category.BROWSABLE" />
236-->[com.sumup:merchant-sdk:6.0.0] AndroidManifest.xml:11:13-74
236-->[com.sumup:merchant-sdk:6.0.0] AndroidManifest.xml:11:23-71
237
238                <data
238-->[com.sumup:merchant-sdk:6.0.0] AndroidManifest.xml:13:13-44
239                    android:host="firebase.auth"
240                    android:path="/"
241                    android:scheme="recaptcha" />
241-->[com.sumup:merchant-sdk:6.0.0] AndroidManifest.xml:13:19-41
242            </intent-filter>
243        </activity>
244
245        <service
245-->[androidx.credentials:credentials-play-services-auth:1.2.0-rc01] AndroidManifest.xml:24:9-32:19
246            android:name="androidx.credentials.playservices.CredentialProviderMetadataHolder"
246-->[androidx.credentials:credentials-play-services-auth:1.2.0-rc01] AndroidManifest.xml:25:13-94
247            android:enabled="true"
247-->[androidx.credentials:credentials-play-services-auth:1.2.0-rc01] AndroidManifest.xml:26:13-35
248            android:exported="false" >
248-->[androidx.credentials:credentials-play-services-auth:1.2.0-rc01] AndroidManifest.xml:27:13-37
249            <meta-data
249-->[androidx.credentials:credentials-play-services-auth:1.2.0-rc01] AndroidManifest.xml:29:13-31:104
250                android:name="androidx.credentials.CREDENTIAL_PROVIDER_KEY"
250-->[androidx.credentials:credentials-play-services-auth:1.2.0-rc01] AndroidManifest.xml:30:17-76
251                android:value="androidx.credentials.playservices.CredentialProviderPlayServicesImpl" />
251-->[androidx.credentials:credentials-play-services-auth:1.2.0-rc01] AndroidManifest.xml:31:17-101
252        </service>
253
254        <activity
254-->[androidx.credentials:credentials-play-services-auth:1.2.0-rc01] AndroidManifest.xml:34:9-41:20
255            android:name="androidx.credentials.playservices.HiddenActivity"
255-->[androidx.credentials:credentials-play-services-auth:1.2.0-rc01] AndroidManifest.xml:35:13-76
256            android:configChanges="orientation|screenSize|screenLayout|keyboardHidden"
256-->[androidx.credentials:credentials-play-services-auth:1.2.0-rc01] AndroidManifest.xml:36:13-87
257            android:enabled="true"
257-->[androidx.credentials:credentials-play-services-auth:1.2.0-rc01] AndroidManifest.xml:37:13-35
258            android:exported="false"
258-->[androidx.credentials:credentials-play-services-auth:1.2.0-rc01] AndroidManifest.xml:38:13-37
259            android:fitsSystemWindows="true"
259-->[androidx.credentials:credentials-play-services-auth:1.2.0-rc01] AndroidManifest.xml:39:13-45
260            android:theme="@style/Theme.Hidden" >
260-->[androidx.credentials:credentials-play-services-auth:1.2.0-rc01] AndroidManifest.xml:40:13-48
261        </activity>
262        <activity
262-->[com.google.android.gms:play-services-auth:20.7.0] AndroidManifest.xml:23:9-27:75
263            android:name="com.google.android.gms.auth.api.signin.internal.SignInHubActivity"
263-->[com.google.android.gms:play-services-auth:20.7.0] AndroidManifest.xml:24:13-93
264            android:excludeFromRecents="true"
264-->[com.google.android.gms:play-services-auth:20.7.0] AndroidManifest.xml:25:13-46
265            android:exported="false"
265-->[com.google.android.gms:play-services-auth:20.7.0] AndroidManifest.xml:26:13-37
266            android:theme="@android:style/Theme.Translucent.NoTitleBar" />
266-->[com.google.android.gms:play-services-auth:20.7.0] AndroidManifest.xml:27:13-72
267        <!--
268            Service handling Google Sign-In user revocation. For apps that do not integrate with
269            Google Sign-In, this service will never be started.
270        -->
271        <service
271-->[com.google.android.gms:play-services-auth:20.7.0] AndroidManifest.xml:33:9-37:51
272            android:name="com.google.android.gms.auth.api.signin.RevocationBoundService"
272-->[com.google.android.gms:play-services-auth:20.7.0] AndroidManifest.xml:34:13-89
273            android:exported="true"
273-->[com.google.android.gms:play-services-auth:20.7.0] AndroidManifest.xml:35:13-36
274            android:permission="com.google.android.gms.auth.api.signin.permission.REVOCATION_NOTIFICATION"
274-->[com.google.android.gms:play-services-auth:20.7.0] AndroidManifest.xml:36:13-107
275            android:visibleToInstantApps="true" />
275-->[com.google.android.gms:play-services-auth:20.7.0] AndroidManifest.xml:37:13-48
276
277        <activity
277-->[com.google.android.gms:play-services-base:18.5.0] AndroidManifest.xml:5:9-173
278            android:name="com.google.android.gms.common.api.GoogleApiActivity"
278-->[com.google.android.gms:play-services-base:18.5.0] AndroidManifest.xml:5:19-85
279            android:exported="false"
279-->[com.google.android.gms:play-services-base:18.5.0] AndroidManifest.xml:5:146-170
280            android:theme="@android:style/Theme.Translucent.NoTitleBar" />
280-->[com.google.android.gms:play-services-base:18.5.0] AndroidManifest.xml:5:86-145
281
282        <provider
282-->[com.google.firebase:firebase-common:21.0.0] AndroidManifest.xml:23:9-28:39
283            android:name="com.google.firebase.provider.FirebaseInitProvider"
283-->[com.google.firebase:firebase-common:21.0.0] AndroidManifest.xml:24:13-77
284            android:authorities="com.kiosk.donation.firebaseinitprovider"
284-->[com.google.firebase:firebase-common:21.0.0] AndroidManifest.xml:25:13-72
285            android:directBootAware="true"
285-->[com.google.firebase:firebase-common:21.0.0] AndroidManifest.xml:26:13-43
286            android:exported="false"
286-->[com.google.firebase:firebase-common:21.0.0] AndroidManifest.xml:27:13-37
287            android:initOrder="100" />
287-->[com.google.firebase:firebase-common:21.0.0] AndroidManifest.xml:28:13-36
288
289        <service
289-->[androidx.room:room-runtime:2.6.1] AndroidManifest.xml:24:9-28:63
290            android:name="androidx.room.MultiInstanceInvalidationService"